  pch.cpp
  gl_test_main.cpp
c:\_docs\programming\17-02_gl_engine\opengl\gl_test\gl_test_main.cpp(9): fatal error C1083: Cannot open include file: 'boost/test/unit_test.hpp': No such file or directory
  Helper.cpp
  test_Buffer.cpp
c:\_docs\programming\17-02_gl_engine\opengl\gl_test\test_buffer.cpp(2): fatal error C1083: Cannot open include file: 'boost/test/unit_test.hpp': No such file or directory
  test_Deferred.cpp
c:\_docs\programming\17-02_gl_engine\opengl\gl_test\test_deferred.cpp(2): fatal error C1083: Cannot open include file: 'boost/test/unit_test.hpp': No such file or directory
  test_Framebuffer.cpp
c:\_docs\programming\17-02_gl_engine\opengl\gl_test\test_framebuffer.cpp(2): fatal error C1083: Cannot open include file: 'boost/test/unit_test.hpp': No such file or directory
  test_Material.cpp
c:\_docs\programming\17-02_gl_engine\opengl\gl_test\test_material.cpp(2): fatal error C1083: Cannot open include file: 'boost/test/unit_test.hpp': No such file or directory
  test_Node.cpp
c:\_docs\programming\17-02_gl_engine\opengl\gl_test\test_node.cpp(3): fatal error C1083: Cannot open include file: 'boost/test/unit_test.hpp': No such file or directory
  test_Overall.cpp
c:\_docs\programming\17-02_gl_engine\opengl\gl_test\test_overall.cpp(2): fatal error C1083: Cannot open include file: 'boost/test/unit_test.hpp': No such file or directory
  test_Texture.cpp
c:\_docs\programming\17-02_gl_engine\opengl\gl_test\test_texture.cpp(2): fatal error C1083: Cannot open include file: 'boost/test/unit_test.hpp': No such file or directory
  test_Timer.cpp
c:\_docs\programming\17-02_gl_engine\opengl\gl_test\test_timer.cpp(4): fatal error C1083: Cannot open include file: 'boost/test/unit_test.hpp': No such file or directory
  test_VAO.cpp
c:\_docs\programming\17-02_gl_engine\opengl\gl_test\test_vao.cpp(2): fatal error C1083: Cannot open include file: 'boost/test/unit_test.hpp': No such file or directory
  test_VectorUtils.cpp
c:\_docs\programming\17-02_gl_engine\opengl\gl_test\test_vectorutils.cpp(4): fatal error C1083: Cannot open include file: 'boost/test/unit_test.hpp': No such file or directory
  Generating Code...
